<?xml version="1.0" encoding="UTF-8"?>
<!-- Generated by org.testng.reporters.JUnitReportReporter -->
<testsuite hostname="L505613" failures="0" tests="1" name="com.qa.test.GetAPITest" time="5.449" errors="0" timestamp="21 May 2020 07:36:39 GMT" skipped="0">
  <testcase classname="com.qa.test.GetAPITest" name="GetTest" time="5.449"/>
</testsuite> <!-- com.qa.test.GetAPITest -->
